<?xml version="1.0" encoding="UTF-8"?>
<!-- Generated by org.testng.reporters.JUnitXMLReporter -->
<testsuite ignored="0" hostname="Ganesh" failures="1" tests="1" name="Test1" time="0.036" errors="0" timestamp="2023-06-12T18:46:16 IST">
  <testcase classname="abdce.x" name="Skipped" time="0.017">
    <failure type="java.lang.AssertionError" message="expected [true] but found [false]">
      <![CDATA[java.lang.AssertionError: expected [true] but found [false]
at abdce.x.Skipped(x.java:13)
at java.base/java.util.ArrayList.forEach(ArrayList.java:1511)
... Removed 29 stack frames]]>
    </failure>
  </testcase> <!-- Skipped -->
</testsuite> <!-- Test1 -->
