<?xml version="1.0" encoding="UTF-8"?>
<!-- Generated by org.testng.reporters.JUnitXMLReporter -->
<testsuite ignored="0" hostname="Ganesh" failures="2" tests="3" name="Test" time="22.881" errors="0" timestamp="2023-06-12T18:58:15 IST">
  <testcase classname="com.mystore.testcases.TC_MyAccountPageTest" name="VerifyRegistrationAndLogin" time="3.667">
    <failure type="java.lang.AssertionError" message="expected [Sign in] but found [Ganesh Chavan]">
      <![CDATA[java.lang.AssertionError: expected [Sign in] but found [Ganesh Chavan]
at com.mystore.testcases.TC_MyAccountPageTest.VerifyRegistrationAndLogin(TC_MyAccountPageTest.java:39)
at java.base/java.util.ArrayList.forEach(ArrayList.java:1511)
... Removed 31 stack frames]]>
    </failure>
  </testcase> <!-- VerifyRegistrationAndLogin -->
  <testcase classname="com.mystore.testcases.TC_MyAccountPageTest" name="VerifyLogin" time="2.597"/>
  <testcase classname="abdce.x" name="Skipped" time="0.005">
    <failure type="java.lang.AssertionError" message="expected [true] but found [false]">
      <![CDATA[java.lang.AssertionError: expected [true] but found [false]
at abdce.x.Skipped(x.java:13)
at java.base/java.util.ArrayList.forEach(ArrayList.java:1511)
... Removed 29 stack frames]]>
    </failure>
  </testcase> <!-- Skipped -->
</testsuite> <!-- Test -->
