<?xml version="1.0" encoding="UTF-8"?>
<!-- Generated by org.testng.reporters.JUnitXMLReporter -->
<testsuite ignored="0" hostname="Ganesh" failures="1" tests="2" name="Test" time="27.021" errors="0" timestamp="2023-05-20T17:03:28 IST">
  <testcase classname="com.mystore.testcases.TC_MyAccountPageTest" name="VerifyRegistrationAndLogin" time="3.909">
    <failure type="java.lang.AssertionError" message="expected [Sign in] but found [Ganesh Chavan]">
      <![CDATA[java.lang.AssertionError: expected [Sign in] but found [Ganesh Chavan]
at com.mystore.testcases.TC_MyAccountPageTest.VerifyRegistrationAndLogin(TC_MyAccountPageTest.java:36)
at java.base/java.util.ArrayList.forEach(ArrayList.java:1511)
... Removed 31 stack frames]]>
    </failure>
  </testcase> <!-- VerifyRegistrationAndLogin -->
  <testcase classname="com.mystore.testcases.TC_MyAccountPageTest" name="VerifyLogin" time="2.813"/>
</testsuite> <!-- Test -->
