<?xml version="1.0" encoding="UTF-8"?>
<testng-results ignored="0" total="1" passed="1" failed="0" skipped="0">
  <reporter-output>
  </reporter-output>
  <suite started-at="2023-06-23T10:55:01 IST" name="Default suite" finished-at="2023-06-23T10:55:10 IST" duration-ms="8307">
    <groups>
    </groups>
    <test started-at="2023-06-23T10:55:01 IST" name="Default test" finished-at="2023-06-23T10:55:10 IST" duration-ms="8307">
      <class name="com.TestCases.MyTestCase1">
        <test-method is-config="true" signature="Setup()[pri:0, instance:com.TestCases.MyTestCase1@33d512c1]" started-at="2023-06-23T10:55:01 IST" name="Setup" finished-at="2023-06-23T10:55:08 IST" duration-ms="7144" status="PASS">
          <reporter-output>
          </reporter-output>
        </test-method> <!-- Setup -->
        <test-method signature="VerifyLogin()[pri:0, instance:com.TestCases.MyTestCase1@33d512c1]" started-at="2023-06-23T10:55:09 IST" name="VerifyLogin" finished-at="2023-06-23T10:55:09 IST" duration-ms="796" status="PASS">
          <reporter-output>
          </reporter-output>
        </test-method> <!-- VerifyLogin -->
        <test-method is-config="true" signature="TearDown()[pri:0, instance:com.TestCases.MyTestCase1@33d512c1]" started-at="2023-06-23T10:55:09 IST" name="TearDown" finished-at="2023-06-23T10:55:10 IST" duration-ms="306" status="PASS">
          <reporter-output>
          </reporter-output>
        </test-method> <!-- TearDown -->
      </class> <!-- com.TestCases.MyTestCase1 -->
    </test> <!-- Default test -->
  </suite> <!-- Default suite -->
</testng-results>
