<?xml version="1.0" encoding="UTF-8"?>
<testng-results ignored="0" total="2" passed="2" failed="0" skipped="0">
  <reporter-output>
  </reporter-output>
  <suite started-at="2023-06-05T11:12:04 IST" name="Default suite" finished-at="2023-06-05T11:12:55 IST" duration-ms="50395">
    <groups>
    </groups>
    <test started-at="2023-06-05T11:12:04 IST" name="Default test" finished-at="2023-06-05T11:12:55 IST" duration-ms="50395">
      <class name="com.mystore.testcases.TC_MyAccountPageTest">
        <test-method is-config="true" signature="SetUp()[pri:0, instance:com.mystore.testcases.TC_MyAccountPageTest@34123d65]" started-at="2023-06-05T11:12:04 IST" name="SetUp" finished-at="2023-06-05T11:12:24 IST" duration-ms="19987" status="PASS">
          <reporter-output>
          </reporter-output>
        </test-method> <!-- SetUp -->
        <test-method signature="VerifyRegistrationAndLogin()[pri:1, instance:com.mystore.testcases.TC_MyAccountPageTest@34123d65]" started-at="2023-06-05T11:12:24 IST" name="VerifyRegistrationAndLogin" finished-at="2023-06-05T11:12:44 IST" duration-ms="19855" status="PASS">
          <reporter-output>
          </reporter-output>
        </test-method> <!-- VerifyRegistrationAndLogin -->
        <test-method signature="VerifyLogin()[pri:2, instance:com.mystore.testcases.TC_MyAccountPageTest@34123d65]" started-at="2023-06-05T11:12:44 IST" name="VerifyLogin" finished-at="2023-06-05T11:12:46 IST" duration-ms="2253" status="PASS">
          <reporter-output>
          </reporter-output>
        </test-method> <!-- VerifyLogin -->
        <test-method is-config="true" signature="teardown()[pri:0, instance:com.mystore.testcases.TC_MyAccountPageTest@34123d65]" started-at="2023-06-05T11:12:46 IST" name="teardown" finished-at="2023-06-05T11:12:55 IST" duration-ms="8198" status="PASS">
          <reporter-output>
          </reporter-output>
        </test-method> <!-- teardown -->
      </class> <!-- com.mystore.testcases.TC_MyAccountPageTest -->
    </test> <!-- Default test -->
  </suite> <!-- Default suite -->
</testng-results>
