<?xml version="1.0" encoding="UTF-8" standalone="no"?>
<testsuite errors="0" failures="0" name="io.cucumber.core.plugin.JUnitFormatter" skipped="0" tests="2" time="23.274">
    <testcase classname="feature to test google search functionality" name="validate google search is working or not" time="22.97">
        <system-out><![CDATA[Given browser is open.......................................................passed
And user is on google search page...........................................passed
When user enters a text in search box.......................................passed
And hits enter button.......................................................passed
Then user is navigated to search rsults.....................................passed
]]></system-out>
    </testcase>
    <testcase classname="feature to test login funtionality" name="check login is successful with valid credentials" time="0.007">
        <system-out><![CDATA[Given user is on login page.................................................passed
When user enters username and password......................................passed
And user click on login button..............................................passed
Then user is navigated to the home page.....................................passed
]]></system-out>
    </testcase>
</testsuite>
